<?xml version="1.0" encoding="UTF-8"?>
<!-- Generated by org.testng.reporters.JUnitXMLReporter -->
<testsuite ignored="0" hostname="DESKTOP-0CE5PPB" failures="0" tests="2" name="FirefoxTest" time="0.082" errors="0" timestamp="2022-10-31T23:34:13 IST">
  <testcase classname="TestngPack1.VeryfyroomstestNG" name="@BeforeTest launchBrowser" time="0.012">
    <failure type="java.lang.NullPointerException" message="Cannot invoke &amp;quot;org.openqa.selenium.WebDriver.manage()&amp;quot; because &amp;quot;this.driver&amp;quot; is null">
      <![CDATA[java.lang.NullPointerException: Cannot invoke "org.openqa.selenium.WebDriver.manage()" because "this.driver" is null
at TestngPack1.VeryfyroomstestNG.launchBrowser(VeryfyroomstestNG.java:53)
at java.base/java.util.concurrent.FutureTask.run(FutureTask.java:264)
at java.base/java.util.concurrent.ThreadPoolExecutor.runWorker(ThreadPoolExecutor.java:1136)
at java.base/java.util.concurrent.ThreadPoolExecutor$Worker.run(ThreadPoolExecutor.java:635)
at java.base/java.lang.Thread.run(Thread.java:833)
... Removed 13 stack frames]]>
    </failure>
  </testcase> <!-- @BeforeTest launchBrowser -->
  <testcase classname="TestngPack1.VeryfyroomstestNG" name="@BeforeClass createPOMobjects" time="-1.667239453848E9">
    <skipped/>
  </testcase> <!-- @BeforeClass createPOMobjects -->
  <testcase classname="TestngPack1.VeryfyroomstestNG" name="@BeforeMethod openroomspage" time="-1.667239453859E9">
    <skipped/>
  </testcase> <!-- @BeforeMethod openroomspage -->
  <testcase classname="TestngPack1.VeryfyroomstestNG" name="@AfterMethod logoutFromapplication" time="-1.667239453867E9">
    <skipped/>
  </testcase> <!-- @AfterMethod logoutFromapplication -->
  <testcase classname="TestngPack1.VeryfyroomstestNG" name="@BeforeMethod openroomspage" time="-1.667239453871E9">
    <skipped/>
  </testcase> <!-- @BeforeMethod openroomspage -->
  <testcase classname="TestngPack1.VeryfyroomstestNG" name="@AfterMethod logoutFromapplication" time="-1.667239453877E9">
    <skipped/>
  </testcase> <!-- @AfterMethod logoutFromapplication -->
  <testcase classname="TestngPack1.VeryfyroomstestNG" name="@AfterClass clearObject" time="-1.66723945388E9">
    <skipped/>
  </testcase> <!-- @AfterClass clearObject -->
  <testcase classname="TestngPack1.VeryfyroomstestNG" name="@AfterTest closebrowser" time="-1.667239453884E9">
    <skipped/>
  </testcase> <!-- @AfterTest closebrowser -->
  <testcase classname="TestngPack1.VeryfyroomstestNG" name="Gotomessengertab" time="0.0">
    <skipped/>
  </testcase> <!-- Gotomessengertab -->
  <testcase classname="TestngPack1.VeryfyroomstestNG" name="veryfycontactTohelpcenter" time="0.0">
    <skipped/>
  </testcase> <!-- veryfycontactTohelpcenter -->
</testsuite> <!-- FirefoxTest -->
