<?xml version="1.0" encoding="UTF-8"?>
<testng-results ignored="0" total="1" passed="1" failed="0" skipped="0">
  <reporter-output>
  </reporter-output>
  <suite started-at="2022-11-03T12:06:43 IST" name="Default suite" finished-at="2022-11-03T12:06:50 IST" duration-ms="7255">
    <groups>
    </groups>
    <test started-at="2022-11-03T12:06:43 IST" name="Default test" finished-at="2022-11-03T12:06:50 IST" duration-ms="7255">
      <class name="TestngPack1.VeryfysignuptestNG">
        <test-method is-config="true" signature="beforeclass()[pri:0, instance:TestngPack1.VeryfysignuptestNG@4f6ee6e4]" started-at="2022-11-03T12:06:43 IST" name="beforeclass" finished-at="2022-11-03T12:06:45 IST" duration-ms="1916" status="PASS">
          <reporter-output>
          </reporter-output>
        </test-method> <!-- beforeclass -->
        <test-method is-config="true" signature="beforemethod()[pri:0, instance:TestngPack1.VeryfysignuptestNG@4f6ee6e4]" started-at="2022-11-03T12:06:45 IST" name="beforemethod" finished-at="2022-11-03T12:06:49 IST" duration-ms="3544" status="PASS">
          <reporter-output>
          </reporter-output>
        </test-method> <!-- beforemethod -->
        <test-method signature="test()[pri:0, instance:TestngPack1.VeryfysignuptestNG@4f6ee6e4]" started-at="2022-11-03T12:06:49 IST" name="test" finished-at="2022-11-03T12:06:50 IST" duration-ms="1601" status="PASS">
          <reporter-output>
          </reporter-output>
        </test-method> <!-- test -->
        <test-method is-config="true" signature="logout()[pri:0, instance:TestngPack1.VeryfysignuptestNG@4f6ee6e4]" started-at="2022-11-03T12:06:50 IST" name="logout" finished-at="2022-11-03T12:06:50 IST" duration-ms="1" status="PASS">
          <reporter-output>
          </reporter-output>
        </test-method> <!-- logout -->
        <test-method is-config="true" signature="closebrowser()[pri:0, instance:TestngPack1.VeryfysignuptestNG@4f6ee6e4]" started-at="2022-11-03T12:06:50 IST" name="closebrowser" finished-at="2022-11-03T12:06:50 IST" duration-ms="134" status="PASS">
          <reporter-output>
          </reporter-output>
        </test-method> <!-- closebrowser -->
      </class> <!-- TestngPack1.VeryfysignuptestNG -->
    </test> <!-- Default test -->
  </suite> <!-- Default suite -->
</testng-results>
