<?xml version="1.0" encoding="UTF-8"?>
<!-- Generated by org.testng.reporters.JUnitXMLReporter -->
<testsuite ignored="0" hostname="DESKTOP-0CE5PPB" failures="0" tests="7" name="Test123" time="0.072" errors="0" timestamp="2022-10-31T21:03:50 IST">
  <testcase classname="TestngPack1.TestNG" name="test" time="0.006"/>
  <testcase classname="TestngPack1.TestNG" name="test1" time="0.002"/>
  <testcase classname="TestngPack1.TestNG2" name="test2" time="0.001"/>
  <testcase classname="TestngPack1.TestNG2" name="test3" time="0.001"/>
  <testcase classname="TestngPack1.TestNG2" name="test1" time="0.002"/>
  <testcase classname="TestngPack1.TestNG2" name="test1" time="0.003"/>
  <testcase classname="TestngPack1.TestNG2" name="test4" time="0.001"/>
</testsuite> <!-- Test123 -->
