<?xml version="1.0" encoding="UTF-8"?>
<!-- Generated by org.testng.reporters.JUnitXMLReporter -->
<testsuite ignored="0" hostname="DESKTOP-0CE5PPB" failures="1" tests="2" name="FirefoxTest" time="15.02" errors="0" timestamp="2022-11-03T10:47:27 IST">
  <testcase classname="TestngPack1.VeryfyroomstestNG" name="Gotomessengertab" time="1.695"/>
  <testcase classname="TestngPack1.VeryfyroomstestNG" name="veryfycontactTohelpcenter" time="0.007">
    <failure type="java.lang.AssertionError" message="The following asserts failed:
	expected [https://www.messenger.com/help] but found [https://www.messenger.com/rooms],
	expected [Messenger Help Centre] but found [Messenger | Page Not Found]">
      <![CDATA[java.lang.AssertionError: The following asserts failed:
expected [https://www.messenger.com/help] but found [https://www.messenger.com/rooms],
expected [Messenger Help Centre] but found [Messenger | Page Not Found]
at TestngPack1.VeryfyroomstestNG.veryfycontactTohelpcenter(VeryfyroomstestNG.java:141)
at java.base/java.util.ArrayList.forEach(ArrayList.java:1511)
at java.base/java.util.concurrent.FutureTask.run(FutureTask.java:264)
at java.base/java.util.concurrent.ThreadPoolExecutor.runWorker(ThreadPoolExecutor.java:1136)
at java.base/java.util.concurrent.ThreadPoolExecutor$Worker.run(ThreadPoolExecutor.java:635)
at java.base/java.lang.Thread.run(Thread.java:833)
... Removed 18 stack frames]]>
    </failure>
  </testcase> <!-- veryfycontactTohelpcenter -->
</testsuite> <!-- FirefoxTest -->
